  AtkSkill.cpp
  Character.cpp
  Characters.cpp
  EffectSkill.cpp
  Game.cpp
D:\Tarleton\Spring22\COSC3330\SFMLProjects\MeierJoe_SethHammond_FinalProject\FinalProject\FinalProject\Game.cpp(471,43): warning C4244: 'argument': conversion from 'double' to 'T', possible loss of data
          with
          [
              T=float
          ]
D:\Tarleton\Spring22\COSC3330\SFMLProjects\MeierJoe_SethHammond_FinalProject\FinalProject\FinalProject\Game.cpp(479,52): warning C4244: 'argument': conversion from 'T' to 'T', possible loss of data
          with
          [
              T=float
          ]
          and
          [
              T=int
          ]
D:\Tarleton\Spring22\COSC3330\SFMLProjects\MeierJoe_SethHammond_FinalProject\FinalProject\FinalProject\Game.cpp(478,37): warning C4244: 'argument': conversion from 'T' to 'T', possible loss of data
          with
          [
              T=float
          ]
          and
          [
              T=int
          ]
D:\Tarleton\Spring22\COSC3330\SFMLProjects\MeierJoe_SethHammond_FinalProject\FinalProject\FinalProject\Game.cpp(478,26): warning C4244: 'argument': conversion from 'T' to 'T', possible loss of data
          with
          [
              T=float
          ]
          and
          [
              T=int
          ]
D:\Tarleton\Spring22\COSC3330\SFMLProjects\MeierJoe_SethHammond_FinalProject\FinalProject\FinalProject\Game.cpp(506,60): warning C4244: 'argument': conversion from 'T' to 'T', possible loss of data
          with
          [
              T=float
          ]
          and
          [
              T=int
          ]
D:\Tarleton\Spring22\COSC3330\SFMLProjects\MeierJoe_SethHammond_FinalProject\FinalProject\FinalProject\Game.cpp(505,60): warning C4244: 'argument': conversion from 'T' to 'T', possible loss of data
          with
          [
              T=float
          ]
          and
          [
              T=int
          ]
D:\Tarleton\Spring22\COSC3330\SFMLProjects\MeierJoe_SethHammond_FinalProject\FinalProject\FinalProject\Game.cpp(514,43): warning C4244: 'argument': conversion from 'double' to 'T', possible loss of data
          with
          [
              T=float
          ]
D:\Tarleton\Spring22\COSC3330\SFMLProjects\MeierJoe_SethHammond_FinalProject\FinalProject\FinalProject\Game.cpp(573,43): warning C4244: 'argument': conversion from 'double' to 'T', possible loss of data
          with
          [
              T=float
          ]
D:\Tarleton\Spring22\COSC3330\SFMLProjects\MeierJoe_SethHammond_FinalProject\FinalProject\FinalProject\Game.cpp(606,43): warning C4244: 'argument': conversion from 'double' to 'T', possible loss of data
          with
          [
              T=float
          ]
D:\Tarleton\Spring22\COSC3330\SFMLProjects\MeierJoe_SethHammond_FinalProject\FinalProject\FinalProject\Game.cpp(640,43): warning C4244: 'argument': conversion from 'double' to 'T', possible loss of data
          with
          [
              T=float
          ]
D:\Tarleton\Spring22\COSC3330\SFMLProjects\MeierJoe_SethHammond_FinalProject\FinalProject\FinalProject\Game.cpp(702,43): warning C4244: 'argument': conversion from 'double' to 'T', possible loss of data
          with
          [
              T=float
          ]
D:\Tarleton\Spring22\COSC3330\SFMLProjects\MeierJoe_SethHammond_FinalProject\FinalProject\FinalProject\Game.cpp(733,44): warning C4244: 'argument': conversion from '_Ty' to 'T', possible loss of data
          with
          [
              _Ty=double
          ]
          and
          [
              T=float
          ]
D:\Tarleton\Spring22\COSC3330\SFMLProjects\MeierJoe_SethHammond_FinalProject\FinalProject\FinalProject\Game.cpp(794,47): warning C4244: 'argument': conversion from 'double' to 'T', possible loss of data
          with
          [
              T=float
          ]
D:\Tarleton\Spring22\COSC3330\SFMLProjects\MeierJoe_SethHammond_FinalProject\FinalProject\FinalProject\Game.cpp(845,44): warning C4244: 'argument': conversion from '_Ty' to 'T', possible loss of data
          with
          [
              _Ty=double
          ]
          and
          [
              T=float
          ]
  main.cpp
  Skill.cpp
  Generating Code...
  FinalProject.vcxproj -> D:\Tarleton\Spring22\COSC3330\SFMLProjects\MeierJoe_SethHammond_FinalProject\FinalProject\x64\Debug\FinalProject.exe
